2023-08-05 20:57:15,708 - INFO - [Start] Getting : DE-202001010000-202301010000-actual
2023-08-05 20:57:15,708 - INFO - {'start': '202001010000', 'end': '202301010000', 'country': 'DE', 'interval60': True}
2023-08-05 21:02:35,896 - INFO -   Fetched rows : 105216
2023-08-05 21:02:36,206 - INFO -   Required rows : 105216
2023-08-05 21:02:36,206 - INFO -   Duration : 15.0
2023-08-05 21:02:36,207 - INFO -   Missing values:DatetimeIndex([], dtype='datetime64[ns, Europe/Berlin]', freq='15T')
2023-08-05 21:02:37,158 - INFO - [Stop] Getting : DE-202001010000-202301010000-actual-60 ; Took : 321.45 s

2023-08-05 21:02:37,366 - INFO - [Start] Getting : FR-202001010000-202301010000-actual
2023-08-05 21:02:37,366 - INFO - {'start': '202001010000', 'end': '202301010000', 'country': 'FR', 'interval60': True}
2023-08-05 21:05:38,686 - INFO -   Fetched rows : 26303
2023-08-05 21:05:38,763 - INFO -   Required rows : 26304
2023-08-05 21:05:38,764 - INFO -   Duration : 60.0
2023-08-05 21:05:38,767 - INFO -   Missing values:DatetimeIndex(['2022-04-16 15:00:00+02:00'], dtype='datetime64[ns, Europe/Paris]', freq=None)
2023-08-05 21:05:38,767 - INFO -     Missing value: 2022-04-16 15:00:00+02:00
2023-08-05 21:05:38,771 - INFO -       replaced with day average value of 2022-04-16 : 344 1180 20 141 546 4928 730 28281 2680 129 4465
2023-08-05 21:05:38,944 - INFO - [Stop] Getting : FR-202001010000-202301010000-actual-60.0 ; Took : 181.58 s

2023-08-05 21:05:39,093 - INFO - [Start] Getting : BE-202001010000-202301010000-actual
2023-08-05 21:05:39,093 - INFO - {'start': '202001010000', 'end': '202301010000', 'country': 'BE', 'interval60': True}
2023-08-05 21:07:30,730 - INFO -   Fetched rows : 26304
2023-08-05 21:07:30,805 - INFO -   Required rows : 26304
2023-08-05 21:07:30,805 - INFO -   Duration : 60.0
2023-08-05 21:07:30,805 - INFO -   Missing values:DatetimeIndex([], dtype='datetime64[ns, Europe/Brussels]', freq='60T')
2023-08-05 21:07:30,974 - INFO - [Stop] Getting : BE-202001010000-202301010000-actual-60.0 ; Took : 111.88 s

2023-08-05 21:07:31,117 - INFO - [Start] Getting : BG-202001010000-202301010000-actual
2023-08-05 21:07:31,117 - INFO - {'start': '202001010000', 'end': '202301010000', 'country': 'BG', 'interval60': True}
2023-08-05 21:09:27,541 - INFO -   Fetched rows : 26302
2023-08-05 21:09:27,621 - INFO -   Required rows : 26304
2023-08-05 21:09:27,621 - INFO -   Duration : 60.0
2023-08-05 21:09:27,622 - INFO -   Missing values:DatetimeIndex(['2021-03-28 01:00:00+02:00', '2022-03-27 01:00:00+02:00'], dtype='datetime64[ns, Europe/Sofia]', freq=None)
2023-08-05 21:09:27,623 - INFO -     Missing value: 2021-03-28 01:00:00+02:00
2023-08-05 21:09:27,626 - INFO -       replaced with day average value of 2021-03-28 : 15 1765 370 62 7 101 344 2139 129 3 84
2023-08-05 21:09:27,627 - INFO -     Missing value: 2022-03-27 01:00:00+02:00
2023-08-05 21:09:27,631 - INFO -       replaced with day average value of 2022-03-27 : 15 2922 300 63 0 94 253 2170 137 5 125
2023-08-05 21:09:27,810 - INFO - [Stop] Getting : BG-202001010000-202301010000-actual-60.0 ; Took : 116.69 s

2023-08-05 21:09:27,957 - INFO - [Start] Getting : HR-202001010000-202301010000-actual
2023-08-05 21:09:27,957 - INFO - {'start': '202001010000', 'end': '202301010000', 'country': 'HR', 'interval60': True}
2023-08-05 21:11:09,629 - INFO -   Fetched rows : 26301
2023-08-05 21:11:09,708 - INFO -   Required rows : 26304
2023-08-05 21:11:09,708 - INFO -   Duration : 60.0
2023-08-05 21:11:09,710 - INFO -   Missing values:DatetimeIndex(['2020-12-01 23:00:00+01:00', '2021-10-31 23:00:00+01:00',
               '2021-11-19 23:00:00+01:00'],
              dtype='datetime64[ns, Europe/Zagreb]', freq=None)
2023-08-05 21:11:09,710 - INFO -     Missing value: 2020-12-01 23:00:00+01:00
2023-08-05 21:11:09,713 - INFO -       replaced with day average value of 2020-12-01 : 62 503 199 17 10 125 146 551 47 4 4 197
2023-08-05 21:11:09,714 - INFO -     Missing value: 2021-10-31 23:00:00+01:00
2023-08-05 21:11:09,718 - INFO -       replaced with day average value of 2021-10-31 : 78 424 199 0 10 20 64 98 46 8 3 7
2023-08-05 21:11:09,719 - INFO -     Missing value: 2021-11-19 23:00:00+01:00
2023-08-05 21:11:09,723 - INFO -       replaced with day average value of 2021-11-19 : 79 494 198 0 10 81 130 438 46 6 3 258
2023-08-05 21:11:09,906 - INFO - [Stop] Getting : HR-202001010000-202301010000-actual-60.0 ; Took : 101.95 s

2023-08-05 21:11:10,063 - INFO - [Start] Getting : CZ-202001010000-202301010000-actual
2023-08-05 21:11:10,064 - INFO - {'start': '202001010000', 'end': '202301010000', 'country': 'CZ', 'interval60': True}
2023-08-05 21:13:32,002 - INFO -   Fetched rows : 26304
2023-08-05 21:13:32,079 - INFO -   Required rows : 26304
2023-08-05 21:13:32,080 - INFO -   Duration : 60.0
2023-08-05 21:13:32,080 - INFO -   Missing values:DatetimeIndex([], dtype='datetime64[ns, Europe/Prague]', freq='60T')
2023-08-05 21:13:32,278 - INFO - [Stop] Getting : CZ-202001010000-202301010000-actual-60.0 ; Took : 142.21 s

2023-08-05 21:15:01,578 - INFO - [Start] Getting : EE-202001010000-202301010000-actual
2023-08-05 21:15:01,578 - INFO - {'start': '202001010000', 'end': '202301010000', 'country': 'EE', 'interval60': True}
2023-08-05 21:16:51,050 - INFO -   Fetched rows : 26304
2023-08-05 21:16:51,131 - INFO -   Required rows : 26304
2023-08-05 21:16:51,131 - INFO -   Duration : 60.0
2023-08-05 21:16:51,132 - INFO -   Missing values:DatetimeIndex([], dtype='datetime64[ns, Europe/Tallinn]', freq='60T')
2023-08-05 21:16:51,304 - INFO - [Stop] Getting : EE-202001010000-202301010000-actual-60.0 ; Took : 109.73 s

2023-08-05 21:16:51,441 - INFO - [Start] Getting : FI-202001010000-202301010000-actual
2023-08-05 21:16:51,441 - INFO - {'start': '202001010000', 'end': '202301010000', 'country': 'FI', 'interval60': True}
2023-08-05 21:18:57,091 - INFO -   Fetched rows : 26304
2023-08-05 21:18:57,170 - INFO -   Required rows : 26304
2023-08-05 21:18:57,170 - INFO -   Duration : 60.0
2023-08-05 21:18:57,171 - INFO -   Missing values:DatetimeIndex([], dtype='datetime64[ns, Europe/Helsinki]', freq='60T')
2023-08-05 21:18:57,352 - INFO - [Stop] Getting : FI-202001010000-202301010000-actual-60.0 ; Took : 125.91 s

2023-08-05 21:18:57,498 - INFO - [Start] Getting : GR-202001010000-202301010000-actual
2023-08-05 21:18:57,498 - INFO - {'start': '202001010000', 'end': '202301010000', 'country': 'GR', 'interval60': True}
2023-08-05 21:20:44,209 - INFO -   Fetched rows : 26298
2023-08-05 21:20:44,288 - INFO -   Required rows : 26304
2023-08-05 21:20:44,288 - INFO -   Duration : 60.0
2023-08-05 21:20:44,290 - INFO -   Missing values:DatetimeIndex(['2020-03-29 05:00:00+03:00', '2020-03-29 06:00:00+03:00',
               '2021-03-28 05:00:00+03:00', '2021-03-28 06:00:00+03:00',
               '2022-03-27 05:00:00+03:00', '2022-03-27 06:00:00+03:00'],
              dtype='datetime64[ns, Europe/Athens]', freq=None)
2023-08-05 21:20:44,290 - INFO -     Missing value: 2020-03-29 05:00:00+03:00
2023-08-05 21:20:44,294 - INFO -       replaced with day average value of 2020-03-29 : 505 1968 0 94 144 515 176
2023-08-05 21:20:44,295 - INFO -     Missing value: 2020-03-29 06:00:00+03:00
2023-08-05 21:20:44,299 - INFO -       replaced with day average value of 2020-03-29 : 505 1968 0 94 144 515 176
2023-08-05 21:20:44,299 - INFO -     Missing value: 2021-03-28 05:00:00+03:00
2023-08-05 21:20:44,303 - INFO -       replaced with day average value of 2021-03-28 : 861 1914 0 27 293 799 211
2023-08-05 21:20:44,303 - INFO -     Missing value: 2021-03-28 06:00:00+03:00
2023-08-05 21:20:44,307 - INFO -       replaced with day average value of 2021-03-28 : 861 1914 0 27 293 799 211
2023-08-05 21:20:44,308 - INFO -     Missing value: 2022-03-27 05:00:00+03:00
2023-08-05 21:20:44,312 - INFO -       replaced with day average value of 2022-03-27 : 565 2088 0 38 389 945 276
2023-08-05 21:20:44,312 - INFO -     Missing value: 2022-03-27 06:00:00+03:00
2023-08-05 21:20:44,316 - INFO -       replaced with day average value of 2022-03-27 : 565 2088 0 38 389 945 276
2023-08-05 21:20:44,462 - INFO - [Stop] Getting : GR-202001010000-202301010000-actual-60.0 ; Took : 106.96 s

2023-08-05 21:20:44,578 - INFO - [Start] Getting : HU-202001010000-202301010000-actual
2023-08-05 21:20:44,578 - INFO - {'start': '202001010000', 'end': '202301010000', 'country': 'HU', 'interval60': True}
2023-08-05 21:25:18,981 - INFO -   Fetched rows : 105216
2023-08-05 21:25:19,291 - INFO -   Required rows : 105216
2023-08-05 21:25:19,291 - INFO -   Duration : 15.0
2023-08-05 21:25:19,292 - INFO -   Missing values:DatetimeIndex([], dtype='datetime64[ns, Europe/Budapest]', freq='15T')
2023-08-05 21:25:20,089 - INFO - [Stop] Getting : HU-202001010000-202301010000-actual-60 ; Took : 275.51 s

2023-08-05 21:25:20,256 - INFO - [Start] Getting : IT-202001010000-202301010000-actual
2023-08-05 21:25:20,256 - INFO - {'start': '202001010000', 'end': '202301010000', 'country': 'IT', 'interval60': True}
2023-08-05 21:28:25,174 - INFO -   Fetched rows : 26304
2023-08-05 21:28:25,257 - INFO -   Required rows : 26304
2023-08-05 21:28:25,257 - INFO -   Duration : 60.0
2023-08-05 21:28:25,258 - INFO -   Missing values:DatetimeIndex([], dtype='datetime64[ns, Europe/Rome]', freq='60T')
2023-08-05 21:28:25,470 - INFO - [Stop] Getting : IT-202001010000-202301010000-actual-60.0 ; Took : 185.21 s

2023-08-05 21:08:19,123 - INFO - [Start] Getting : LV-202001010000-202301010000-actual
2023-08-05 21:08:19,123 - INFO - {'start': '202001010000', 'end': '202301010000', 'country': 'LV', 'interval60': True}
2023-08-05 21:09:37,017 - INFO -   Fetched rows : 26293
2023-08-05 21:09:37,097 - INFO -   Required rows : 26304
2023-08-05 21:09:37,097 - INFO -   Duration : 60.0
2023-08-05 21:09:37,100 - INFO -   Missing values:DatetimeIndex(['2020-04-04 14:00:00+03:00', '2020-04-04 15:00:00+03:00',
               '2020-04-04 16:00:00+03:00', '2020-04-04 17:00:00+03:00',
               '2020-06-20 11:00:00+03:00', '2020-10-25 02:00:00+03:00',
               '2020-10-25 03:00:00+03:00', '2021-05-08 12:00:00+03:00',
               '2021-10-31 02:00:00+03:00', '2021-10-31 03:00:00+03:00',
               '2021-11-16 23:00:00+02:00'],
              dtype='datetime64[ns, Europe/Riga]', freq=None)
2023-08-05 21:09:37,100 - INFO -     Missing value: 2020-04-04 14:00:00+03:00
2023-08-05 21:09:37,104 - INFO -       replaced with day average value of 2020-04-04 : 71 1 298 74 17
2023-08-05 21:09:37,104 - INFO -     Missing value: 2020-04-04 15:00:00+03:00
2023-08-05 21:09:37,108 - INFO -       replaced with day average value of 2020-04-04 : 71 1 298 74 17
2023-08-05 21:09:37,109 - INFO -     Missing value: 2020-04-04 16:00:00+03:00
2023-08-05 21:09:37,113 - INFO -       replaced with day average value of 2020-04-04 : 71 1 298 74 17
2023-08-05 21:09:37,113 - INFO -     Missing value: 2020-04-04 17:00:00+03:00
2023-08-05 21:09:37,117 - INFO -       replaced with day average value of 2020-04-04 : 71 1 298 74 17
2023-08-05 21:09:37,117 - INFO -     Missing value: 2020-06-20 11:00:00+03:00
2023-08-05 21:09:37,121 - INFO -       replaced with day average value of 2020-06-20 : 51 8 307 53 9
2023-08-05 21:09:37,121 - INFO -     Missing value: 2020-10-25 02:00:00+03:00
2023-08-05 21:09:37,125 - INFO -       replaced with day average value of 2020-10-25 : 61 153 4 65 12
2023-08-05 21:09:37,126 - INFO -     Missing value: 2020-10-25 03:00:00+03:00
2023-08-05 21:09:37,130 - INFO -       replaced with day average value of 2020-10-25 : 61 153 4 65 12
2023-08-05 21:09:37,130 - INFO -     Missing value: 2021-05-08 12:00:00+03:00
2023-08-05 21:09:37,135 - INFO -       replaced with day average value of 2021-05-08 : 67 2 567 67 6
2023-08-05 21:09:37,135 - INFO -     Missing value: 2021-10-31 02:00:00+03:00
2023-08-05 21:09:37,139 - INFO -       replaced with day average value of 2021-10-31 : 58 0 79 48 22
2023-08-05 21:09:37,139 - INFO -     Missing value: 2021-10-31 03:00:00+03:00
2023-08-05 21:09:37,143 - INFO -       replaced with day average value of 2021-10-31 : 58 0 79 48 22
2023-08-05 21:09:37,143 - INFO -     Missing value: 2021-11-16 23:00:00+02:00
2023-08-05 21:09:37,148 - INFO -       replaced with day average value of 2021-11-16 : 65 536 146 56 6
2023-08-05 21:09:37,281 - INFO - [Stop] Getting : LV-202001010000-202301010000-actual-60.0 ; Took : 78.16 s

2023-08-05 21:09:37,381 - INFO - [Start] Getting : LT-202001010000-202301010000-actual
2023-08-05 21:09:37,381 - INFO - {'start': '202001010000', 'end': '202301010000', 'country': 'LT', 'interval60': True}
2023-08-05 21:11:34,304 - INFO -   Fetched rows : 26304
2023-08-05 21:11:34,387 - INFO -   Required rows : 26304
2023-08-05 21:11:34,387 - INFO -   Duration : 60.0
2023-08-05 21:11:34,388 - INFO -   Missing values:DatetimeIndex([], dtype='datetime64[ns, Europe/Vilnius]', freq='60T')
2023-08-05 21:11:34,535 - INFO - [Stop] Getting : LT-202001010000-202301010000-actual-60.0 ; Took : 117.15 s

2023-08-05 21:11:34,655 - INFO - [Start] Getting : LU-202001010000-202301010000-actual
2023-08-05 21:11:34,655 - INFO - {'start': '202001010000', 'end': '202301010000', 'country': 'LU', 'interval60': True}
2023-08-05 21:14:20,246 - INFO -   Fetched rows : 105216
2023-08-05 21:14:20,577 - INFO -   Required rows : 105216
2023-08-05 21:14:20,577 - INFO -   Duration : 15.0
2023-08-05 21:14:20,578 - INFO -   Missing values:DatetimeIndex([], dtype='datetime64[ns, Europe/Luxembourg]', freq='15T')
2023-08-05 21:14:21,225 - INFO - [Stop] Getting : LU-202001010000-202301010000-actual-60 ; Took : 166.57 s

2023-08-05 21:14:21,347 - INFO - [Start] Getting : ME-202001010000-202301010000-actual
2023-08-05 21:14:21,347 - INFO - {'start': '202001010000', 'end': '202301010000', 'country': 'ME', 'interval60': True}
2023-08-05 21:15:40,019 - INFO -   Fetched rows : 26275
2023-08-05 21:15:40,098 - INFO -   Required rows : 26304
2023-08-05 21:15:40,098 - INFO -   Duration : 60.0
2023-08-05 21:15:40,100 - INFO -   Missing values:DatetimeIndex(['2020-04-14 21:00:00+02:00', '2020-04-14 22:00:00+02:00',
               '2020-04-14 23:00:00+02:00', '2020-09-11 22:00:00+02:00',
               '2020-09-11 23:00:00+02:00', '2020-09-24 15:00:00+02:00',
               '2020-09-24 16:00:00+02:00', '2020-09-24 17:00:00+02:00',
               '2020-09-24 18:00:00+02:00', '2020-09-24 19:00:00+02:00',
               '2020-09-24 20:00:00+02:00', '2020-09-24 21:00:00+02:00',
               '2020-09-24 22:00:00+02:00', '2020-09-24 23:00:00+02:00',
               '2020-10-22 21:00:00+02:00', '2020-10-22 22:00:00+02:00',
               '2020-10-22 23:00:00+02:00', '2020-11-03 12:00:00+01:00',
               '2020-11-03 13:00:00+01:00', '2020-11-03 14:00:00+01:00',
               '2020-11-03 15:00:00+01:00', '2020-11-03 16:00:00+01:00',
               '2020-11-03 17:00:00+01:00', '2020-11-03 18:00:00+01:00',
               '2020-11-03 19:00:00+01:00', '2020-11-03 20:00:00+01:00',
               '2020-11-03 21:00:00+01:00', '2020-11-03 22:00:00+01:00',
               '2020-11-03 23:00:00+01:00'],
              dtype='datetime64[ns, Europe/Podgorica]', freq=None)
2023-08-05 21:15:40,100 - INFO -     Missing value: 2020-04-14 21:00:00+02:00
2023-08-05 21:15:40,105 - INFO -       replaced with day average value of 2020-04-14 : 0 22 0 27
2023-08-05 21:15:40,105 - INFO -     Missing value: 2020-04-14 22:00:00+02:00
2023-08-05 21:15:40,109 - INFO -       replaced with day average value of 2020-04-14 : 0 22 0 27
2023-08-05 21:15:40,110 - INFO -     Missing value: 2020-04-14 23:00:00+02:00
2023-08-05 21:15:40,113 - INFO -       replaced with day average value of 2020-04-14 : 0 22 0 27
2023-08-05 21:15:40,114 - INFO -     Missing value: 2020-09-11 22:00:00+02:00
2023-08-05 21:15:40,118 - INFO -       replaced with day average value of 2020-09-11 : 208 164 0 25
2023-08-05 21:15:40,118 - INFO -     Missing value: 2020-09-11 23:00:00+02:00
2023-08-05 21:15:40,122 - INFO -       replaced with day average value of 2020-09-11 : 208 164 0 25
2023-08-05 21:15:40,123 - INFO -     Missing value: 2020-09-24 15:00:00+02:00
2023-08-05 21:15:40,126 - INFO -       replaced with day average value of 2020-09-24 : 207 28 0 7
2023-08-05 21:15:40,127 - INFO -     Missing value: 2020-09-24 16:00:00+02:00
2023-08-05 21:15:40,131 - INFO -       replaced with day average value of 2020-09-24 : 207 28 0 7
2023-08-05 21:15:40,131 - INFO -     Missing value: 2020-09-24 17:00:00+02:00
2023-08-05 21:15:40,134 - INFO -       replaced with day average value of 2020-09-24 : 207 28 0 7
2023-08-05 21:15:40,135 - INFO -     Missing value: 2020-09-24 18:00:00+02:00
2023-08-05 21:15:40,138 - INFO -       replaced with day average value of 2020-09-24 : 207 28 0 7
2023-08-05 21:15:40,139 - INFO -     Missing value: 2020-09-24 19:00:00+02:00
2023-08-05 21:15:40,142 - INFO -       replaced with day average value of 2020-09-24 : 207 28 0 7
2023-08-05 21:15:40,142 - INFO -     Missing value: 2020-09-24 20:00:00+02:00
2023-08-05 21:15:40,146 - INFO -       replaced with day average value of 2020-09-24 : 207 28 0 7
2023-08-05 21:15:40,146 - INFO -     Missing value: 2020-09-24 21:00:00+02:00
2023-08-05 21:15:40,150 - INFO -       replaced with day average value of 2020-09-24 : 207 28 0 7
2023-08-05 21:15:40,150 - INFO -     Missing value: 2020-09-24 22:00:00+02:00
2023-08-05 21:15:40,154 - INFO -       replaced with day average value of 2020-09-24 : 207 28 0 7
2023-08-05 21:15:40,154 - INFO -     Missing value: 2020-09-24 23:00:00+02:00
2023-08-05 21:15:40,158 - INFO -       replaced with day average value of 2020-09-24 : 207 28 0 7
2023-08-05 21:15:40,158 - INFO -     Missing value: 2020-10-22 21:00:00+02:00
2023-08-05 21:15:40,162 - INFO -       replaced with day average value of 2020-10-22 : 207 461 0 1
2023-08-05 21:15:40,162 - INFO -     Missing value: 2020-10-22 22:00:00+02:00
2023-08-05 21:15:40,166 - INFO -       replaced with day average value of 2020-10-22 : 207 461 0 1
2023-08-05 21:15:40,166 - INFO -     Missing value: 2020-10-22 23:00:00+02:00
2023-08-05 21:15:40,170 - INFO -       replaced with day average value of 2020-10-22 : 207 461 0 1
2023-08-05 21:15:40,171 - INFO -     Missing value: 2020-11-03 12:00:00+01:00
2023-08-05 21:15:40,175 - INFO -       replaced with day average value of 2020-11-03 : 207 130 0 5
2023-08-05 21:15:40,175 - INFO -     Missing value: 2020-11-03 13:00:00+01:00
2023-08-05 21:15:40,179 - INFO -       replaced with day average value of 2020-11-03 : 207 130 0 5
2023-08-05 21:15:40,179 - INFO -     Missing value: 2020-11-03 14:00:00+01:00
2023-08-05 21:15:40,183 - INFO -       replaced with day average value of 2020-11-03 : 207 130 0 5
2023-08-05 21:15:40,183 - INFO -     Missing value: 2020-11-03 15:00:00+01:00
2023-08-05 21:15:40,186 - INFO -       replaced with day average value of 2020-11-03 : 207 130 0 5
2023-08-05 21:15:40,187 - INFO -     Missing value: 2020-11-03 16:00:00+01:00
2023-08-05 21:15:40,190 - INFO -       replaced with day average value of 2020-11-03 : 207 130 0 5
2023-08-05 21:15:40,191 - INFO -     Missing value: 2020-11-03 17:00:00+01:00
2023-08-05 21:15:40,194 - INFO -       replaced with day average value of 2020-11-03 : 207 130 0 5
2023-08-05 21:15:40,194 - INFO -     Missing value: 2020-11-03 18:00:00+01:00
2023-08-05 21:15:40,198 - INFO -       replaced with day average value of 2020-11-03 : 207 130 0 5
2023-08-05 21:15:40,198 - INFO -     Missing value: 2020-11-03 19:00:00+01:00
2023-08-05 21:15:40,202 - INFO -       replaced with day average value of 2020-11-03 : 207 130 0 5
2023-08-05 21:15:40,202 - INFO -     Missing value: 2020-11-03 20:00:00+01:00
2023-08-05 21:15:40,206 - INFO -       replaced with day average value of 2020-11-03 : 207 130 0 5
2023-08-05 21:15:40,206 - INFO -     Missing value: 2020-11-03 21:00:00+01:00
2023-08-05 21:15:40,210 - INFO -       replaced with day average value of 2020-11-03 : 207 130 0 5
2023-08-05 21:15:40,210 - INFO -     Missing value: 2020-11-03 22:00:00+01:00
2023-08-05 21:15:40,213 - INFO -       replaced with day average value of 2020-11-03 : 207 130 0 5
2023-08-05 21:15:40,214 - INFO -     Missing value: 2020-11-03 23:00:00+01:00
2023-08-05 21:15:40,217 - INFO -       replaced with day average value of 2020-11-03 : 207 130 0 5
2023-08-05 21:15:40,338 - INFO - [Stop] Getting : ME-202001010000-202301010000-actual-60.0 ; Took : 78.99 s

2023-08-05 21:15:40,427 - INFO - [Start] Getting : NL-202001010000-202301010000-actual
2023-08-05 21:15:40,427 - INFO - {'start': '202001010000', 'end': '202301010000', 'country': 'NL', 'interval60': True}
2023-08-05 21:20:32,932 - INFO -   Fetched rows : 105216
2023-08-05 21:20:33,253 - INFO -   Required rows : 105216
2023-08-05 21:20:33,253 - INFO -   Duration : 15.0
2023-08-05 21:20:33,254 - INFO -   Missing values:DatetimeIndex([], dtype='datetime64[ns, Europe/Amsterdam]', freq='15T')
2023-08-05 21:20:34,012 - INFO - [Stop] Getting : NL-202001010000-202301010000-actual-60 ; Took : 293.59 s

2023-08-05 21:24:13,349 - INFO - [Start] Getting : PL-202001010000-202301010000-actual
2023-08-05 21:24:13,349 - INFO - {'start': '202001010000', 'end': '202301010000', 'country': 'PL', 'interval60': True}
2023-08-05 21:26:11,218 - INFO -   Fetched rows : 26304
2023-08-05 21:26:11,297 - INFO -   Required rows : 26304
2023-08-05 21:26:11,297 - INFO -   Duration : 60.0
2023-08-05 21:26:11,297 - INFO -   Missing values:DatetimeIndex([], dtype='datetime64[ns, Europe/Warsaw]', freq='60T')
2023-08-05 21:26:11,469 - INFO - [Stop] Getting : PL-202001010000-202301010000-actual-60.0 ; Took : 118.12 s

2023-08-05 21:26:11,617 - INFO - [Start] Getting : PT-202001010000-202301010000-actual
2023-08-05 21:26:11,617 - INFO - {'start': '202001010000', 'end': '202301010000', 'country': 'PT', 'interval60': True}
2023-08-05 21:28:29,932 - INFO -   Fetched rows : 26304
2023-08-05 21:28:30,009 - INFO -   Required rows : 26304
2023-08-05 21:28:30,009 - INFO -   Duration : 60.0
2023-08-05 21:28:30,009 - INFO -   Missing values:DatetimeIndex([], dtype='datetime64[ns, Europe/Lisbon]', freq='60T')
2023-08-05 21:28:30,180 - INFO - [Stop] Getting : PT-202001010000-202301010000-actual-60.0 ; Took : 138.56 s

2023-08-05 21:31:31,576 - INFO - [Start] Getting : SK-202001010000-202301010000-actual
2023-08-05 21:31:31,576 - INFO - {'start': '202001010000', 'end': '202301010000', 'country': 'SK', 'interval60': True}
2023-08-05 21:33:48,175 - INFO -   Fetched rows : 26280
2023-08-05 21:33:48,255 - INFO -   Required rows : 26304
2023-08-05 21:33:48,255 - INFO -   Duration : 60.0
2023-08-05 21:33:48,257 - INFO -   Missing values:DatetimeIndex(['2020-04-29 00:00:00+02:00', '2020-04-29 01:00:00+02:00',
               '2020-06-17 00:00:00+02:00', '2020-06-17 01:00:00+02:00',
               '2020-06-17 11:00:00+02:00', '2020-07-07 18:00:00+02:00',
               '2020-07-07 19:00:00+02:00', '2020-08-22 16:00:00+02:00',
               '2020-10-25 02:00:00+02:00', '2021-10-31 02:00:00+02:00',
               '2022-05-22 21:00:00+02:00', '2022-07-13 23:00:00+02:00',
               '2022-09-27 18:00:00+02:00', '2022-10-30 01:00:00+02:00',
               '2022-10-30 02:00:00+02:00', '2022-11-01 18:00:00+01:00',
               '2022-11-01 19:00:00+01:00', '2022-11-01 20:00:00+01:00',
               '2022-11-08 18:00:00+01:00', '2022-11-15 20:00:00+01:00',
               '2022-11-16 20:00:00+01:00', '2022-11-19 08:00:00+01:00',
               '2022-11-19 09:00:00+01:00', '2022-12-20 08:00:00+01:00'],
              dtype='datetime64[ns, Europe/Bratislava]', freq=None)
2023-08-05 21:33:48,257 - INFO -     Missing value: 2020-04-29 00:00:00+02:00
2023-08-05 21:33:48,261 - INFO -       replaced with day average value of 2020-04-29 : 98 73 487 53 43 58 391 46 1899 114 54 84 0
2023-08-05 21:33:48,262 - INFO -     Missing value: 2020-04-29 01:00:00+02:00
2023-08-05 21:33:48,266 - INFO -       replaced with day average value of 2020-04-29 : 98 73 487 53 43 58 391 46 1899 114 54 84 0
2023-08-05 21:33:48,267 - INFO -     Missing value: 2020-06-17 00:00:00+02:00
2023-08-05 21:33:48,271 - INFO -       replaced with day average value of 2020-06-17 : 94 71 467 0 49 89 708 56 1866 77 56 70 0
2023-08-05 21:33:48,272 - INFO -     Missing value: 2020-06-17 01:00:00+02:00
2023-08-05 21:33:48,275 - INFO -       replaced with day average value of 2020-06-17 : 94 71 467 0 49 89 708 56 1866 77 56 70 0
2023-08-05 21:33:48,276 - INFO -     Missing value: 2020-06-17 11:00:00+02:00
2023-08-05 21:33:48,279 - INFO -       replaced with day average value of 2020-06-17 : 94 71 467 0 49 89 708 56 1866 77 56 70 0
2023-08-05 21:33:48,280 - INFO -     Missing value: 2020-07-07 18:00:00+02:00
2023-08-05 21:33:48,284 - INFO -       replaced with day average value of 2020-07-07 : 87 161 495 0 49 148 514 44 1424 94 58 90 1
2023-08-05 21:33:48,286 - INFO -     Missing value: 2020-07-07 19:00:00+02:00
2023-08-05 21:33:48,289 - INFO -       replaced with day average value of 2020-07-07 : 87 161 495 0 49 148 514 44 1424 94 58 90 1
2023-08-05 21:33:48,290 - INFO -     Missing value: 2020-08-22 16:00:00+02:00
2023-08-05 21:33:48,294 - INFO -       replaced with day average value of 2020-08-22 : 78 75 150 0 41 20 375 25 1616 105 57 103 1
2023-08-05 21:33:48,294 - INFO -     Missing value: 2020-10-25 02:00:00+02:00
2023-08-05 21:33:48,298 - INFO -       replaced with day average value of 2020-10-25 : 92 182 188 0 46 57 593 76 1622 130 63 12 0
2023-08-05 21:33:48,299 - INFO -     Missing value: 2021-10-31 02:00:00+02:00
2023-08-05 21:33:48,303 - INFO -       replaced with day average value of 2021-10-31 : 101 92 193 55 38 4 213 16 1962 152 57 68 2
2023-08-05 21:33:48,304 - INFO -     Missing value: 2022-05-22 21:00:00+02:00
2023-08-05 21:33:48,307 - INFO -       replaced with day average value of 2022-05-22 : 104 68 152 0 54 17 436 29 1477 120 48 103 0
2023-08-05 21:33:48,308 - INFO -     Missing value: 2022-07-13 23:00:00+02:00
2023-08-05 21:33:48,312 - INFO -       replaced with day average value of 2022-07-13 : 90 77 142 0 57 45 268 27 1929 89 48 117 0
2023-08-05 21:33:48,312 - INFO -     Missing value: 2022-09-27 18:00:00+02:00
2023-08-05 21:33:48,316 - INFO -       replaced with day average value of 2022-09-27 : 62 142 176 0 66 48 391 21 1475 118 43 19 0
2023-08-05 21:33:48,317 - INFO -     Missing value: 2022-10-30 01:00:00+02:00
2023-08-05 21:33:48,322 - INFO -       replaced with day average value of 2022-10-30 : 85 96 173 50 64 48 276 30 1959 106 45 13 0
2023-08-05 21:33:48,323 - INFO -     Missing value: 2022-10-30 02:00:00+02:00
2023-08-05 21:33:48,326 - INFO -       replaced with day average value of 2022-10-30 : 85 96 173 50 64 48 276 30 1959 106 45 13 0
2023-08-05 21:33:48,327 - INFO -     Missing value: 2022-11-01 18:00:00+01:00
2023-08-05 21:33:48,332 - INFO -       replaced with day average value of 2022-11-01 : 94 96 184 51 62 28 282 19 1957 92 45 12 1
2023-08-05 21:33:48,332 - INFO -     Missing value: 2022-11-01 19:00:00+01:00
2023-08-05 21:33:48,336 - INFO -       replaced with day average value of 2022-11-01 : 94 96 184 51 62 28 282 19 1957 92 45 12 1
2023-08-05 21:33:48,337 - INFO -     Missing value: 2022-11-01 20:00:00+01:00
2023-08-05 21:33:48,341 - INFO -       replaced with day average value of 2022-11-01 : 94 96 184 51 62 28 282 19 1957 92 45 12 1
2023-08-05 21:33:48,341 - INFO -     Missing value: 2022-11-08 18:00:00+01:00
2023-08-05 21:33:48,345 - INFO -       replaced with day average value of 2022-11-08 : 92 161 190 51 59 36 246 20 1968 102 43 34 1
2023-08-05 21:33:48,346 - INFO -     Missing value: 2022-11-15 20:00:00+01:00
2023-08-05 21:33:48,350 - INFO -       replaced with day average value of 2022-11-15 : 92 161 153 36 65 0 267 32 1973 150 43 14 2
2023-08-05 21:33:48,351 - INFO -     Missing value: 2022-11-16 20:00:00+01:00
2023-08-05 21:33:48,355 - INFO -       replaced with day average value of 2022-11-16 : 94 159 159 32 56 5 254 37 1972 141 43 6 0
2023-08-05 21:33:48,355 - INFO -     Missing value: 2022-11-19 08:00:00+01:00
2023-08-05 21:33:48,359 - INFO -       replaced with day average value of 2022-11-19 : 97 162 196 48 55 16 297 19 1993 148 44 10 0
2023-08-05 21:33:48,359 - INFO -     Missing value: 2022-11-19 09:00:00+01:00
2023-08-05 21:33:48,363 - INFO -       replaced with day average value of 2022-11-19 : 97 162 196 48 55 16 297 19 1993 148 44 10 0
2023-08-05 21:33:48,364 - INFO -     Missing value: 2022-12-20 08:00:00+01:00
2023-08-05 21:33:48,368 - INFO -       replaced with day average value of 2022-12-20 : 85 187 220 109 49 82 341 19 1991 154 43 14 0
2023-08-05 21:33:48,555 - INFO - [Stop] Getting : SK-202001010000-202301010000-actual-60.0 ; Took : 136.98 s

2023-08-05 21:40:34,341 - INFO - [Start] Getting : CH-202001010000-202301010000-actual
2023-08-05 21:40:34,341 - INFO - {'start': '202001010000', 'end': '202301010000', 'country': 'CH', 'interval60': True}
2023-08-05 21:42:16,840 - INFO -   Fetched rows : 26304
2023-08-05 21:42:16,916 - INFO -   Required rows : 26304
2023-08-05 21:42:16,917 - INFO -   Duration : 60.0
2023-08-05 21:42:16,917 - INFO -   Missing values:DatetimeIndex([], dtype='datetime64[ns, Europe/Zurich]', freq='60T')
2023-08-05 21:42:17,047 - INFO - [Stop] Getting : CH-202001010000-202301010000-actual-60.0 ; Took : 102.71 s

